e:\skola\cplusplus\oppgaven\snake\oppgaven\sdl2_standardproject\debug\inputmanager.obj
e:\skola\cplusplus\oppgaven\snake\oppgaven\sdl2_standardproject\debug\snake.obj
e:\skola\cplusplus\oppgaven\snake\oppgaven\sdl2_standardproject\debug\sdlerror.obj
e:\skola\cplusplus\oppgaven\snake\oppgaven\sdl2_standardproject\debug\sdlmanager.obj
e:\skola\cplusplus\oppgaven\snake\oppgaven\sdl2_standardproject\debug\bodypart.obj
e:\skola\cplusplus\oppgaven\snake\oppgaven\sdl2_standardproject\debug\sdlbmp.obj
e:\skola\cplusplus\oppgaven\snake\oppgaven\sdl2_standardproject\debug\main.obj
e:\skola\cplusplus\oppgaven\snake\oppgaven\sdl2_standardproject\debug\apple.obj
e:\skola\cplusplus\oppgaven\snake\oppgaven\sdl2_standardproject\debug\timer.obj
e:\skola\cplusplus\oppgaven\snake\oppgaven\sdl2_standardproject\debug\gamemanager.obj
e:\skola\cplusplus\oppgaven\snake\oppgaven\sdl2_standardproject\debug\vc140.pdb
e:\skola\cplusplus\oppgaven\snake\oppgaven\sdl2_standardproject\debug\menu.obj
e:\skola\cplusplus\oppgaven\snake\oppgaven\sdl2_standardproject\debug\vc140.idb
e:\skola\cplusplus\oppgaven\snake\oppgaven\sdl2_standardproject\debug\oppgaven.res
e:\skola\cplusplus\oppgaven\snake\oppgaven\debug\oppgaven.pdb
e:\skola\cplusplus\oppgaven\snake\oppgaven\sdl2_standardproject\debug\oppgaven.tlog\cl.command.1.tlog
e:\skola\cplusplus\oppgaven\snake\oppgaven\sdl2_standardproject\debug\oppgaven.tlog\cl.read.1.tlog
e:\skola\cplusplus\oppgaven\snake\oppgaven\sdl2_standardproject\debug\oppgaven.tlog\cl.write.1.tlog
e:\skola\cplusplus\oppgaven\snake\oppgaven\sdl2_standardproject\debug\oppgaven.tlog\link-cvtres.read.1.tlog
e:\skola\cplusplus\oppgaven\snake\oppgaven\sdl2_standardproject\debug\oppgaven.tlog\link-cvtres.write.1.tlog
e:\skola\cplusplus\oppgaven\snake\oppgaven\sdl2_standardproject\debug\oppgaven.tlog\link-rc.read.1.tlog
e:\skola\cplusplus\oppgaven\snake\oppgaven\sdl2_standardproject\debug\oppgaven.tlog\link-rc.write.1.tlog
e:\skola\cplusplus\oppgaven\snake\oppgaven\sdl2_standardproject\debug\oppgaven.tlog\link.11708-cvtres.read.1.tlog
e:\skola\cplusplus\oppgaven\snake\oppgaven\sdl2_standardproject\debug\oppgaven.tlog\link.11708-cvtres.write.1.tlog
e:\skola\cplusplus\oppgaven\snake\oppgaven\sdl2_standardproject\debug\oppgaven.tlog\link.11708-rc.read.1.tlog
e:\skola\cplusplus\oppgaven\snake\oppgaven\sdl2_standardproject\debug\oppgaven.tlog\link.11708-rc.write.1.tlog
e:\skola\cplusplus\oppgaven\snake\oppgaven\sdl2_standardproject\debug\oppgaven.tlog\link.11708.read.1.tlog
e:\skola\cplusplus\oppgaven\snake\oppgaven\sdl2_standardproject\debug\oppgaven.tlog\link.11708.write.1.tlog
e:\skola\cplusplus\oppgaven\snake\oppgaven\sdl2_standardproject\debug\oppgaven.tlog\link.command.1.tlog
e:\skola\cplusplus\oppgaven\snake\oppgaven\sdl2_standardproject\debug\oppgaven.tlog\link.read.1.tlog
e:\skola\cplusplus\oppgaven\snake\oppgaven\sdl2_standardproject\debug\oppgaven.tlog\link.write.1.tlog
e:\skola\cplusplus\oppgaven\snake\oppgaven\sdl2_standardproject\debug\oppgaven.tlog\rc.command.1.tlog
e:\skola\cplusplus\oppgaven\snake\oppgaven\sdl2_standardproject\debug\oppgaven.tlog\rc.read.1.tlog
e:\skola\cplusplus\oppgaven\snake\oppgaven\sdl2_standardproject\debug\oppgaven.tlog\rc.write.1.tlog
